<?xml version="1.0" encoding="UTF-8"?>
<coverage generated="1587943510962" clover="3.2.0">
  <project timestamp="1587943510962" name="All files">
    <metrics statements="24" coveredstatements="8" conditionals="6" coveredconditionals="6" methods="15" coveredmethods="5" elements="45" coveredelements="19" complexity="0" loc="24" ncloc="24" packages="1" files="5" classes="5"/>
    <file name="App.js" path="/Users/joelsaucedo/Desktop/Career Foundry/Backend/meetup/meetup/src/App.js">
      <metrics statements="4" coveredstatements="0" conditionals="0" coveredconditionals="0" methods="3" coveredmethods="0"/>
      <line num="9" count="0" type="stmt"/>
      <line num="13" count="0" type="stmt"/>
      <line num="14" count="0" type="stmt"/>
      <line num="18" count="0" type="stmt"/>
    </file>
    <file name="CitySearch.js" path="/Users/joelsaucedo/Desktop/Career Foundry/Backend/meetup/meetup/src/CitySearch.js">
      <metrics statements="10" coveredstatements="0" conditionals="0" coveredconditionals="0" methods="6" coveredmethods="0"/>
      <line num="5" count="0" type="stmt"/>
      <line num="9" count="0" type="stmt"/>
      <line num="10" count="0" type="stmt"/>
      <line num="11" count="0" type="stmt"/>
      <line num="12" count="0" type="stmt"/>
      <line num="15" count="0" type="stmt"/>
      <line num="16" count="0" type="stmt"/>
      <line num="17" count="0" type="stmt"/>
      <line num="21" count="0" type="stmt"/>
      <line num="31" count="0" type="stmt"/>
    </file>
    <file name="Event.js" path="/Users/joelsaucedo/Desktop/Career Foundry/Backend/meetup/meetup/src/Event.js">
      <metrics statements="7" coveredstatements="6" conditionals="6" coveredconditionals="6" methods="4" coveredmethods="3"/>
      <line num="5" count="1" type="stmt"/>
      <line num="9" count="1" type="stmt"/>
      <line num="10" count="1" type="stmt"/>
      <line num="14" count="2" type="stmt"/>
      <line num="15" count="2" type="stmt"/>
      <line num="22" count="0" type="stmt"/>
      <line num="25" count="1" type="stmt"/>
    </file>
    <file name="EventList.js" path="/Users/joelsaucedo/Desktop/Career Foundry/Backend/meetup/meetup/src/EventList.js">
      <metrics statements="2" coveredstatements="2" conditionals="0" coveredconditionals="0" methods="2" coveredmethods="2"/>
      <line num="6" count="1" type="stmt"/>
      <line num="9" count="4" type="stmt"/>
    </file>
    <file name="mock-events.js" path="/Users/joelsaucedo/Desktop/Career Foundry/Backend/meetup/meetup/src/mock-events.js">
      <metrics statements="1" coveredstatements="0" conditionals="0" coveredconditionals="0" methods="0" coveredmethods="0"/>
      <line num="1" count="0" type="stmt"/>
    </file>
  </project>
</coverage>
