{"/Users/joelsaucedo/Desktop/Career Foundry/Backend/meetup/meetup/src/App.js": {"path":"/Users/joelsaucedo/Desktop/Career Foundry/Backend/meetup/meetup/src/App.js","statementMap":{"0":{"start":{"line":9,"column":10},"end":{"line":11,"column":3}},"1":{"start":{"line":13,"column":17},"end":{"line":15,"column":3}},"2":{"start":{"line":14,"column":4},"end":{"line":14,"column":65}},"3":{"start":{"line":14,"column":39},"end":{"line":14,"column":64}},"4":{"start":{"line":18,"column":4},"end":{"line":24,"column":6}}},"fnMap":{"0":{"name":"(anonymous_0)","decl":{"start":{"line":13,"column":17},"end":{"line":13,"column":18}},"loc":{"start":{"line":13,"column":31},"end":{"line":15,"column":3}},"line":13},"1":{"name":"(anonymous_1)","decl":{"start":{"line":14,"column":29},"end":{"line":14,"column":30}},"loc":{"start":{"line":14,"column":39},"end":{"line":14,"column":64}},"line":14},"2":{"name":"(anonymous_2)","decl":{"start":{"line":17,"column":2},"end":{"line":17,"column":3}},"loc":{"start":{"line":17,"column":11},"end":{"line":25,"column":3}},"line":17}},"branchMap":{},"s":{"0":0,"1":0,"2":0,"3":0,"4":0},"f":{"0":0,"1":0,"2":0},"b":{},"hash":"904fe75636bf9f74ee0d738c4addad378747c15a"}
,"/Users/joelsaucedo/Desktop/Career Foundry/Backend/meetup/meetup/src/CitySearch.js": {"path":"/Users/joelsaucedo/Desktop/Career Foundry/Backend/meetup/meetup/src/CitySearch.js","statementMap":{"0":{"start":{"line":5,"column":10},"end":{"line":8,"column":3}},"1":{"start":{"line":9,"column":23},"end":{"line":13,"column":3}},"2":{"start":{"line":10,"column":18},"end":{"line":10,"column":36}},"3":{"start":{"line":11,"column":4},"end":{"line":11,"column":36}},"4":{"start":{"line":12,"column":4},"end":{"line":12,"column":78}},"5":{"start":{"line":12,"column":46},"end":{"line":12,"column":76}},"6":{"start":{"line":15,"column":22},"end":{"line":18,"column":3}},"7":{"start":{"line":16,"column":4},"end":{"line":16,"column":53}},"8":{"start":{"line":17,"column":4},"end":{"line":17,"column":37}},"9":{"start":{"line":21,"column":4},"end":{"line":35,"column":6}},"10":{"start":{"line":31,"column":12},"end":{"line":31,"column":139}},"11":{"start":{"line":31,"column":54},"end":{"line":31,"column":114}}},"fnMap":{"0":{"name":"(anonymous_0)","decl":{"start":{"line":9,"column":23},"end":{"line":9,"column":24}},"loc":{"start":{"line":9,"column":34},"end":{"line":13,"column":3}},"line":9},"1":{"name":"(anonymous_1)","decl":{"start":{"line":12,"column":31},"end":{"line":12,"column":32}},"loc":{"start":{"line":12,"column":46},"end":{"line":12,"column":76}},"line":12},"2":{"name":"(anonymous_2)","decl":{"start":{"line":15,"column":22},"end":{"line":15,"column":23}},"loc":{"start":{"line":15,"column":43},"end":{"line":18,"column":3}},"line":15},"3":{"name":"(anonymous_3)","decl":{"start":{"line":20,"column":2},"end":{"line":20,"column":3}},"loc":{"start":{"line":20,"column":11},"end":{"line":36,"column":3}},"line":20},"4":{"name":"(anonymous_4)","decl":{"start":{"line":30,"column":38},"end":{"line":30,"column":39}},"loc":{"start":{"line":31,"column":12},"end":{"line":31,"column":139}},"line":31},"5":{"name":"(anonymous_5)","decl":{"start":{"line":31,"column":48},"end":{"line":31,"column":49}},"loc":{"start":{"line":31,"column":54},"end":{"line":31,"column":114}},"line":31}},"branchMap":{},"s":{"0":0,"1":0,"2":0,"3":0,"4":0,"5":0,"6":0,"7":0,"8":0,"9":0,"10":0,"11":0},"f":{"0":0,"1":0,"2":0,"3":0,"4":0,"5":0},"b":{},"hash":"b63c310d7ebec0a829281978e121f0dd90976d44"}
,"/Users/joelsaucedo/Desktop/Career Foundry/Backend/meetup/meetup/src/Event.js": {"path":"/Users/joelsaucedo/Desktop/Career Foundry/Backend/meetup/meetup/src/Event.js","statementMap":{"0":{"start":{"line":5,"column":10},"end":{"line":7,"column":3}},"1":{"start":{"line":9,"column":22},"end":{"line":11,"column":3}},"2":{"start":{"line":10,"column":4},"end":{"line":10,"column":41}},"3":{"start":{"line":14,"column":24},"end":{"line":14,"column":46}},"4":{"start":{"line":15,"column":4},"end":{"line":34,"column":6}},"5":{"start":{"line":22,"column":59},"end":{"line":22,"column":88}},"6":{"start":{"line":25,"column":59},"end":{"line":25,"column":87}}},"fnMap":{"0":{"name":"(anonymous_0)","decl":{"start":{"line":9,"column":22},"end":{"line":9,"column":23}},"loc":{"start":{"line":9,"column":33},"end":{"line":11,"column":3}},"line":9},"1":{"name":"(anonymous_1)","decl":{"start":{"line":13,"column":2},"end":{"line":13,"column":3}},"loc":{"start":{"line":13,"column":11},"end":{"line":35,"column":3}},"line":13},"2":{"name":"(anonymous_2)","decl":{"start":{"line":22,"column":53},"end":{"line":22,"column":54}},"loc":{"start":{"line":22,"column":59},"end":{"line":22,"column":88}},"line":22},"3":{"name":"(anonymous_3)","decl":{"start":{"line":25,"column":53},"end":{"line":25,"column":54}},"loc":{"start":{"line":25,"column":59},"end":{"line":25,"column":87}},"line":25}},"branchMap":{"0":{"loc":{"start":{"line":21,"column":11},"end":{"line":22,"column":108}},"type":"binary-expr","locations":[{"start":{"line":21,"column":11},"end":{"line":21,"column":22}},{"start":{"line":22,"column":12},"end":{"line":22,"column":108}}],"line":21},"1":{"loc":{"start":{"line":24,"column":11},"end":{"line":25,"column":107}},"type":"binary-expr","locations":[{"start":{"line":24,"column":11},"end":{"line":24,"column":23}},{"start":{"line":25,"column":12},"end":{"line":25,"column":107}}],"line":24},"2":{"loc":{"start":{"line":28,"column":9},"end":{"line":31,"column":16}},"type":"binary-expr","locations":[{"start":{"line":28,"column":9},"end":{"line":28,"column":20}},{"start":{"line":29,"column":10},"end":{"line":31,"column":16}}],"line":28}},"s":{"0":1,"1":1,"2":1,"3":2,"4":2,"5":0,"6":1},"f":{"0":1,"1":2,"2":0,"3":1},"b":{"0":[2,1],"1":[2,1],"2":[2,1]},"_coverageSchema":"43e27e138ebf9cfc5966b082cf9a028302ed4184","hash":"f129b816683f6123528a011788b7c3dd8453ce3d"}
,"/Users/joelsaucedo/Desktop/Career Foundry/Backend/meetup/meetup/src/EventList.js": {"path":"/Users/joelsaucedo/Desktop/Career Foundry/Backend/meetup/meetup/src/EventList.js","statementMap":{"0":{"start":{"line":6,"column":4},"end":{"line":14,"column":6}},"1":{"start":{"line":9,"column":10},"end":{"line":11,"column":15}}},"fnMap":{"0":{"name":"(anonymous_0)","decl":{"start":{"line":5,"column":2},"end":{"line":5,"column":3}},"loc":{"start":{"line":5,"column":11},"end":{"line":15,"column":3}},"line":5},"1":{"name":"(anonymous_1)","decl":{"start":{"line":8,"column":31},"end":{"line":8,"column":32}},"loc":{"start":{"line":9,"column":10},"end":{"line":11,"column":15}},"line":9}},"branchMap":{},"s":{"0":1,"1":4},"f":{"0":1,"1":4},"b":{},"_coverageSchema":"43e27e138ebf9cfc5966b082cf9a028302ed4184","hash":"bd0e35f1248c93b0f2ed4c3401961d8de218d178"}
,"/Users/joelsaucedo/Desktop/Career Foundry/Backend/meetup/meetup/src/mock-events.js": {"path":"/Users/joelsaucedo/Desktop/Career Foundry/Backend/meetup/meetup/src/mock-events.js","statementMap":{"0":{"start":{"line":1,"column":19},"end":{"line":810,"column":1}}},"fnMap":{},"branchMap":{},"s":{"0":0},"f":{},"b":{},"hash":"450e3bf36e8fd742500e2eaa338c27181b83b3d8"}
}
