TN:
SF:/Users/joelsaucedo/Desktop/Career Foundry/Backend/meetup/meetup/src/App.js
FN:13,(anonymous_0)
FN:14,(anonymous_1)
FN:17,(anonymous_2)
FNF:3
FNH:0
FNDA:0,(anonymous_0)
FNDA:0,(anonymous_1)
FNDA:0,(anonymous_2)
DA:9,0
DA:13,0
DA:14,0
DA:18,0
LF:4
LH:0
BRF:0
BRH:0
end_of_record
TN:
SF:/Users/joelsaucedo/Desktop/Career Foundry/Backend/meetup/meetup/src/CitySearch.js
FN:9,(anonymous_0)
FN:12,(anonymous_1)
FN:15,(anonymous_2)
FN:20,(anonymous_3)
FN:30,(anonymous_4)
FN:31,(anonymous_5)
FNF:6
FNH:0
FNDA:0,(anonymous_0)
FNDA:0,(anonymous_1)
FNDA:0,(anonymous_2)
FNDA:0,(anonymous_3)
FNDA:0,(anonymous_4)
FNDA:0,(anonymous_5)
DA:5,0
DA:9,0
DA:10,0
DA:11,0
DA:12,0
DA:15,0
DA:16,0
DA:17,0
DA:21,0
DA:31,0
LF:10
LH:0
BRF:0
BRH:0
end_of_record
TN:
SF:/Users/joelsaucedo/Desktop/Career Foundry/Backend/meetup/meetup/src/Event.js
FN:9,(anonymous_0)
FN:13,(anonymous_1)
FN:22,(anonymous_2)
FN:25,(anonymous_3)
FNF:4
FNH:3
FNDA:1,(anonymous_0)
FNDA:2,(anonymous_1)
FNDA:0,(anonymous_2)
FNDA:1,(anonymous_3)
DA:5,1
DA:9,1
DA:10,1
DA:14,2
DA:15,2
DA:22,0
DA:25,1
LF:7
LH:6
BRDA:21,0,0,2
BRDA:21,0,1,1
BRDA:24,1,0,2
BRDA:24,1,1,1
BRDA:28,2,0,2
BRDA:28,2,1,1
BRF:6
BRH:6
end_of_record
TN:
SF:/Users/joelsaucedo/Desktop/Career Foundry/Backend/meetup/meetup/src/EventList.js
FN:5,(anonymous_0)
FN:8,(anonymous_1)
FNF:2
FNH:2
FNDA:1,(anonymous_0)
FNDA:4,(anonymous_1)
DA:6,1
DA:9,4
LF:2
LH:2
BRF:0
BRH:0
end_of_record
TN:
SF:/Users/joelsaucedo/Desktop/Career Foundry/Backend/meetup/meetup/src/mock-events.js
FNF:0
FNH:0
DA:1,0
LF:1
LH:0
BRF:0
BRH:0
end_of_record
